Using pre-set license
Built from '2021.1/release' branch; Version is '2021.1.0f1 (61a549675243) revision 6399305'; Using compiler version '192528614'; Build Type 'Release'
OS: 'Windows 10 Home; OS build 19042.985; Version 2009; 64bit' Language: 'en' Physical Memory: 12139 MB
BatchMode: 1, IsHumanControllingUs: 0, StartBugReporterOnCrash: 0, Is64bit: 1, IsPro: 0

 COMMAND LINE ARGUMENTS:
C:\Program Files\Unity\Hub\Editor\2021.1.0f1\Editor\Unity.exe
-adb2
-batchMode
-noUpm
-name
AssetImportWorker0
-projectPath
D:/UnityProjects/HangMan
-logFile
Logs/AssetImportWorker0.log
-srvPort
64995
Successfully changed project path to: D:/UnityProjects/HangMan
D:/UnityProjects/HangMan
Using Asset Import Pipeline V2.
Refreshing native plugins compatible for Editor in 172.06 ms, found 1 plugins.
Preloading 0 native plugins for Editor in 0.00 ms.
Initialize engine version: 2021.1.0f1 (61a549675243)
[Subsystems] Discovering subsystems at path C:/Program Files/Unity/Hub/Editor/2021.1.0f1/Editor/Data/Resources/UnitySubsystems
[Subsystems] Discovering subsystems at path D:/UnityProjects/HangMan/Assets
GfxDevice: creating device client; threaded=0; jobified=0
Direct3D:
    Version:  Direct3D 11.0 [level 11.1]
    Renderer: Intel(R) UHD Graphics 620 (ID=0x3ea0)
    Vendor:   Intel
    VRAM:     6069 MB
    Driver:   27.20.100.8681
Initialize mono
Mono path[0] = 'C:/Program Files/Unity/Hub/Editor/2021.1.0f1/Editor/Data/Managed'
Mono path[1] = 'C:/Program Files/Unity/Hub/Editor/2021.1.0f1/Editor/Data/MonoBleedingEdge/lib/mono/unityjit'
Mono config path = 'C:/Program Files/Unity/Hub/Editor/2021.1.0f1/Editor/Data/MonoBleedingEdge/etc'
Using monoOptions --debugger-agent=transport=dt_socket,embedding=1,server=y,suspend=n,address=127.0.0.1:56452
Begin MonoManager ReloadAssembly
Registering precompiled unity dll's ...
Register platform support module: C:/Program Files/Unity/Hub/Editor/2021.1.0f1/Editor/Data/PlaybackEngines/WindowsStandaloneSupport/UnityEditor.WindowsStandalone.Extensions.dll
Registered in 0.004093 seconds.
Native extension for WindowsStandalone target not found
Refreshing native plugins compatible for Editor in 175.82 ms, found 1 plugins.
Preloading 0 native plugins for Editor in 0.00 ms.
Mono: successfully reloaded assembly
- Completed reload, in  3.792 seconds
Platform modules already initialized, skipping
Registering precompiled user dll's ...
Registered in 0.005107 seconds.
Begin MonoManager ReloadAssembly
Native extension for WindowsStandalone target not found
Refreshing native plugins compatible for Editor in 0.98 ms, found 1 plugins.
Preloading 0 native plugins for Editor in 0.00 ms.
Mono: successfully reloaded assembly
- Completed reload, in  2.197 seconds
Platform modules already initialized, skipping
========================================================================
Worker process is ready to serve import requests
Launched and connected shader compiler UnityShaderCompiler.exe after 0.08 seconds
Refreshing native plugins compatible for Editor in 0.81 ms, found 1 plugins.
Preloading 0 native plugins for Editor in 0.00 ms.
Unloading 2664 Unused Serialized files (Serialized files now loaded: 0)
System memory in use before: 98.0 MB.
System memory in use after: 98.2 MB.

Unloading 15 unused Assets to reduce memory usage. Loaded Objects now: 3116.
Total: 4.185800 ms (FindLiveObjects: 0.385400 ms CreateObjectMapping: 0.328300 ms MarkObjects: 3.358500 ms  DeleteObjects: 0.111900 ms)

========================================================================
Received Import Request.
  path: Assets/Materials
  artifactKey: Guid(c76fa208b0c58444fae093e89fc4900e) Importer(815301076,1909f56bfc062723c751e8b465ee728b)
Start importing Assets/Materials using Guid(c76fa208b0c58444fae093e89fc4900e) Importer(815301076,1909f56bfc062723c751e8b465ee728b)  -> (artifact id: '3988ea54bfa4e26ab9a33c2b7ea6d35e') in 0.024147 seconds 
========================================================================
Received Import Request.
  Time since last request: 34.861362 seconds.
  path: Assets/Materials/New Material.mat
  artifactKey: Guid(877bba7962e60da49be5ead990bbb12f) Importer(815301076,1909f56bfc062723c751e8b465ee728b)
Start importing Assets/Materials/New Material.mat using Guid(877bba7962e60da49be5ead990bbb12f) Importer(815301076,1909f56bfc062723c751e8b465ee728b)  -> (artifact id: '15f8842c4be1df2364fdf5c9a9116c8e') in 0.250980 seconds 
========================================================================
Received Import Request.
  Time since last request: 555.560847 seconds.
  path: Assets/Materials/Wood.mat
  artifactKey: Guid(f4275ac7521ddee4dbd9f32322e20c38) Importer(815301076,1909f56bfc062723c751e8b465ee728b)
Start importing Assets/Materials/Wood.mat using Guid(f4275ac7521ddee4dbd9f32322e20c38) Importer(815301076,1909f56bfc062723c751e8b465ee728b)  -> (artifact id: '637621a43c531151dc821af4d62dd970') in 0.066382 seconds 
========================================================================
Received Import Request.
  Time since last request: 2118.746822 seconds.
  path: Assets/Materials/New Material.mat
  artifactKey: Guid(6697c576d7b0bac448690d63f9607bc7) Importer(815301076,1909f56bfc062723c751e8b465ee728b)
Start importing Assets/Materials/New Material.mat using Guid(6697c576d7b0bac448690d63f9607bc7) Importer(815301076,1909f56bfc062723c751e8b465ee728b)  -> (artifact id: 'db058436a36692e3fd7e8db6e0829cd8') in 0.047292 seconds 
========================================================================
Received Import Request.
  Time since last request: 95.634846 seconds.
  path: Assets/Materials/HangMan.mat
  artifactKey: Guid(877bba7962e60da49be5ead990bbb12f) Importer(815301076,1909f56bfc062723c751e8b465ee728b)
Start importing Assets/Materials/HangMan.mat using Guid(877bba7962e60da49be5ead990bbb12f) Importer(815301076,1909f56bfc062723c751e8b465ee728b)  -> (artifact id: 'ed83fdb6a78fd4fd060abba6e90b57a0') in 0.057436 seconds 
========================================================================
Received Import Request.
  Time since last request: 0.000633 seconds.
  path: Assets/Materials/Wood.mat
  artifactKey: Guid(f4275ac7521ddee4dbd9f32322e20c38) Importer(815301076,1909f56bfc062723c751e8b465ee728b)
Start importing Assets/Materials/Wood.mat using Guid(f4275ac7521ddee4dbd9f32322e20c38) Importer(815301076,1909f56bfc062723c751e8b465ee728b)  -> (artifact id: '41b1d72a6b831a8356ed395baed8fef4') in 0.032862 seconds 
========================================================================
Received Import Request.
  Time since last request: 0.000562 seconds.
  path: Assets/Materials/New Material.mat
  artifactKey: Guid(6697c576d7b0bac448690d63f9607bc7) Importer(815301076,1909f56bfc062723c751e8b465ee728b)
Start importing Assets/Materials/New Material.mat using Guid(6697c576d7b0bac448690d63f9607bc7) Importer(815301076,1909f56bfc062723c751e8b465ee728b)  -> (artifact id: 'fda2b9c61d2ae531aaf1d05ce122c596') in 0.030978 seconds 
========================================================================
Received Import Request.
  Time since last request: 71.588024 seconds.
  path: Assets
  artifactKey: Guid(00000000000000001000000000000000) Importer(815301076,1909f56bfc062723c751e8b465ee728b)
Start importing Assets using Guid(00000000000000001000000000000000) Importer(815301076,1909f56bfc062723c751e8b465ee728b)  -> (artifact id: 'c1e3b0d4d28e3570eb9237b2a8027d38') in 0.016458 seconds 
AssetImportWorkerClient::OnTransportError - code=2 error=End of file
